<?xml version="1.0" encoding="UTF-8"?>
<!-- Generated by org.testng.reporters.JUnitReportReporter -->
<testsuite hostname="LAPTOP-1826LOER" failures="0" tests="3" name="annotations.TestngAnnotationDemo" time="0.023" errors="0" timestamp="2023-06-10T07:34:12 IST" skipped="0">
  <testcase classname="annotations.TestngAnnotationDemo" name="b" time="0.012"/>
  <system-out/>
  <testcase classname="annotations.TestngAnnotationDemo" name="a" time="0.006"/>
  <system-out/>
  <testcase classname="annotations.TestngAnnotationDemo" name="c" time="0.005"/>
  <system-out/>
</testsuite> <!-- annotations.TestngAnnotationDemo -->
