<?xml version="1.0" encoding="UTF-8"?>
<!-- Generated by org.testng.reporters.JUnitReportReporter -->
<testsuite hostname="LAPTOP-1826LOER" failures="0" tests="5" name="datadrivenframework.LoginExcel" time="55.217" errors="0" timestamp="2023-06-13T07:16:20 IST" skipped="0">
  <testcase classname="datadrivenframework.LoginExcel" name="testLoginWithValidCredientials" time="11.402"/>
  <system-out/>
  <testcase classname="datadrivenframework.LoginExcel" name="testLoginWithValidCredientials" time="10.802"/>
  <system-out/>
  <testcase classname="datadrivenframework.LoginExcel" name="testLoginWithValidCredientials" time="11.589"/>
  <system-out/>
  <testcase classname="datadrivenframework.LoginExcel" name="testLoginWithValidCredientials" time="10.279"/>
  <system-out/>
  <testcase classname="datadrivenframework.LoginExcel" name="testLoginWithValidCredientials" time="11.145"/>
  <system-out/>
</testsuite> <!-- datadrivenframework.LoginExcel -->
