<?xml version="1.0" encoding="UTF-8"?>
<!-- Generated by org.testng.reporters.JUnitReportReporter -->
<testsuite hostname="LAPTOP-1826LOER" failures="0" tests="1" name="testngdemo.LoginTest" time="17.222" errors="0" timestamp="2023-06-10T07:26:51 IST" skipped="0">
  <testcase classname="testngdemo.LoginTest" name="testLoginWithValidCredientials" time="17.222"/>
  <system-out/>
</testsuite> <!-- testngdemo.LoginTest -->
