<?xml version="1.0" encoding="UTF-8"?>
<!-- Generated by org.testng.reporters.JUnitReportReporter -->
<testsuite hostname="LAPTOP-1826LOER" failures="0" tests="2" name="datadrivenframework.RegisterTest" time="27.368" errors="0" timestamp="2023-06-13T07:05:09 IST" skipped="0">
  <testcase classname="datadrivenframework.RegisterTest" name="testRegistrationForm" time="13.880"/>
  <system-out/>
  <testcase classname="datadrivenframework.RegisterTest" name="testRegistrationForm" time="13.488"/>
  <system-out/>
</testsuite> <!-- datadrivenframework.RegisterTest -->
