<?xml version="1.0" encoding="UTF-8"?>
<!-- Generated by org.testng.reporters.JUnitReportReporter -->
<testsuite hostname="LAPTOP-1826LOER" failures="0" tests="1" name="datadrivenframework.LoginTest" time="12.774" errors="0" timestamp="2023-06-13T06:53:46 IST" skipped="0">
  <testcase classname="datadrivenframework.LoginTest" name="testLoginWithValidCredientials" time="12.774"/>
  <system-out/>
</testsuite> <!-- datadrivenframework.LoginTest -->
